<?xml version="1.0" encoding="utf-8"?><testsuites name="pytest tests"><testsuite name="pytest" errors="0" failures="0" skipped="0" tests="68" time="23.857" timestamp="2026-08-10T19:31:04.049191+05:30" hostname="Victus"><testcase classname="tests.compatibility.agent_card.test_agent_card.TestAgentCardDiscovery" name="test_agent_card_retrievable" time="0.643" /><testcase classname="tests.compatibility.agent_card.test_agent_card.TestAgentCardStructure" name="test_agent_card_validates_against_schema" time="0.011" /><testcase classname="tests.compatibility.agent_card.test_agent_card.TestAgentCardStructure" name="test_required_fields_present" time="0.001" /><testcase classname="tests.compatibility.agent_card.test_agent_card.TestAgentCardProtocol" name="test_supported_interfaces_non_empty" time="0.001" /><testcase classname="tests.compatibility.agent_card.test_agent_card.TestAgentCardProtocol" name="test_each_interface_validates_against_schema" time="0.001" /><testcase classname="tests.compatibility.agent_card.test_agent_card.TestBindingFieldDeclaration" name="test_all_protocols_declared" time="0.001" /><testcase classname="tests.compatibility.agent_card.test_agent_card_caching.TestAgentCardCacheControl" name="test_cache_control_present" time="0.262" /><testcase classname="tests.compatibility.agent_card.test_agent_card_caching.TestAgentCardCacheControl" name="test_cache_control_has_max_age" time="0.291" /><testcase classname="tests.compatibility.agent_card.test_agent_card_caching.TestAgentCardETag" name="test_etag_present" time="0.289" /><testcase classname="tests.compatibility.core_operations.test_error_handling.TestCoreErrorStructure" name="test_error_has_code_and_message_jsonrpc" time="1.295" /><testcase classname="tests.compatibility.core_operations.test_error_handling.TestCoreErrorStructure" name="test_error_has_code_and_message_rest" time="0.330" /><testcase classname="tests.compatibility.core_operations.test_error_handling.TestCoreInputValidation" name="test_malformed_request_rejected_jsonrpc" time="0.662" /><testcase classname="tests.compatibility.core_operations.test_error_handling.TestCoreInputValidation" name="test_malformed_request_rejected_rest" time="0.693" /><testcase classname="tests.compatibility.core_operations.test_error_handling.TestCapabilityPushNotifications" name="test_push_not_supported_rest" time="0.003" /><testcase classname="tests.compatibility.core_operations.test_error_handling.TestVersionErrors" name="test_unsupported_version_returns_error_jsonrpc" time="0.387" /><testcase classname="tests.compatibility.core_operations.test_error_handling.TestVersionErrors" name="test_unsupported_version_returns_error_rest" time="0.350" /><testcase classname="tests.compatibility.core_operations.test_error_handling.TestRestErrorStructure" name="test_error_uses_aip193_format" time="0.313" /><testcase classname="tests.compatibility.core_operations.test_error_handling.TestRestErrorStructure" name="test_a2a_error_info_in_details" time="0.323" /><testcase classname="tests.compatibility.core_operations.test_requirements" name="test_must_requirement[CORE-SEND-001-http_json]" time="0.333" /><testcase classname="tests.compatibility.core_operations.test_requirements" name="test_must_requirement[CORE-SEND-003-http_json]" time="0.305" /><testcase classname="tests.compatibility.core_operations.test_requirements" name="test_must_requirement[CORE-STREAM-001-http_json]" time="0.363" /><testcase classname="tests.compatibility.core_operations.test_requirements" name="test_must_requirement[CORE-STREAM-002-http_json]" time="0.311" /><testcase classname="tests.compatibility.core_operations.test_requirements" name="test_must_requirement[CORE-STREAM-003-http_json]" time="0.315" /><testcase classname="tests.compatibility.core_operations.test_requirements" name="test_must_requirement[CORE-GET-002-http_json]" time="0.341" /><testcase classname="tests.compatibility.core_operations.test_requirements" name="test_must_requirement[CORE-LIST-001-http_json]" time="0.290" /><testcase classname="tests.compatibility.core_operations.test_requirements" name="test_must_requirement[CORE-LIST-002-http_json]" time="0.326" /><testcase classname="tests.compatibility.core_operations.test_requirements" name="test_must_requirement[CORE-LIST-003-http_json]" time="0.343" /><testcase classname="tests.compatibility.core_operations.test_requirements" name="test_must_requirement[CORE-LIST-004-http_json]" time="0.323" /><testcase classname="tests.compatibility.core_operations.test_requirements" name="test_must_requirement[CORE-LIST-005-http_json]" time="0.307" /><testcase classname="tests.compatibility.core_operations.test_requirements" name="test_must_requirement[CORE-CANCEL-003-http_json]" time="0.340" /><testcase classname="tests.compatibility.core_operations.test_requirements" name="test_must_requirement[CORE-EXECUTION-MODE-001-http_json]" time="0.308" /><testcase classname="tests.compatibility.core_operations.test_requirements" name="test_must_requirement[CORE-EXECUTION-MODE-002-http_json]" time="0.313" /><testcase classname="tests.compatibility.core_operations.test_requirements" name="test_must_requirement[CORE-MULTI-001a-http_json]" time="0.301" /><testcase classname="tests.compatibility.core_operations.test_requirements" name="test_must_requirement[CORE-MULTI-002a-http_json]" time="0.333" /><testcase classname="tests.compatibility.core_operations.test_requirements" name="test_must_requirement[CORE-MULTI-003-http_json]" time="0.310" /><testcase classname="tests.compatibility.core_operations.test_requirements" name="test_must_requirement[CORE-MULTI-004-http_json]" time="0.327" /><testcase classname="tests.compatibility.core_operations.test_requirements" name="test_must_requirement[STREAM-SUB-004-http_json]" time="0.311" /><testcase classname="tests.compatibility.core_operations.test_requirements" name="test_may_requirement[CORE-MULTI-001-http_json]" time="0.314" /><testcase classname="tests.compatibility.core_operations.test_requirements" name="test_may_requirement[CORE-MULTI-002-http_json]" time="0.308" /><testcase classname="tests.compatibility.core_operations.test_stream_ordering.TestStreamEventOrdering" name="test_streaming_event_ordering[http_json]" time="0.296" /><testcase classname="tests.compatibility.core_operations.test_task_lifecycle.TestGetTask" name="test_get_task_returns_current_state[http_json]" time="0.629" /><testcase classname="tests.compatibility.core_operations.test_task_lifecycle.TestCancelTask" name="test_cancel_terminal_task_returns_error[http_json]" time="0.944" /><testcase classname="tests.compatibility.core_operations.test_task_lifecycle.TestMultiTurn" name="test_send_message_to_terminal_task[http_json]" time="0.970" /><testcase classname="tests.compatibility.core_operations.test_task_lifecycle.TestMultiTurn" name="test_reject_mismatching_context[http_json]" time="0.621" /><testcase classname="tests.compatibility.core_operations.test_task_lifecycle.TestSubscribeLifecycle" name="test_subscribe_rejects_terminal_task[http_json]" time="0.945" /><testcase classname="tests.compatibility.core_operations.test_transport_behavior.TestJsonRpcMethodNames" name="test_bindings_use_spec_method_names" time="0.001" /><testcase classname="tests.compatibility.core_operations.test_transport_behavior.TestJsonRpcServiceParams" name="test_extensions_header_accepted" time="0.686" /><testcase classname="tests.compatibility.core_operations.test_transport_behavior.TestRestFormat" name="test_response_content_type" time="0.316" /><testcase classname="tests.compatibility.core_operations.test_transport_behavior.TestRestFormat" name="test_response_validates_against_schema" time="0.323" /><testcase classname="tests.compatibility.core_operations.test_transport_behavior.TestRestServiceParams" name="test_extensions_header_accepted" time="0.653" /><testcase classname="tests.compatibility.core_operations.test_transport_behavior.TestRestUrlPatterns" name="test_url_patterns_defined" time="0.001" /><testcase classname="tests.compatibility.core_operations.test_transport_behavior.TestRestUrlPatterns" name="test_http_methods_correct" time="0.001" /><testcase classname="tests.compatibility.core_operations.test_transport_behavior.TestRestQueryParams" name="test_query_params_are_camel_case" time="0.001" /><testcase classname="tests.compatibility.core_operations.test_transport_behavior.TestRestStreaming" name="test_streaming_content_type" time="0.311" /><testcase classname="tests.compatibility.http_json.test_http_status.TestHttpJsonStatusCodes" name="test_task_not_found_returns_404" time="0.328" /><testcase classname="tests.compatibility.http_json.test_http_status.TestHttpJsonStatusCodes" name="test_task_not_cancelable_returns_409" time="0.339" /><testcase classname="tests.compatibility.http_json.test_http_status.TestHttpJsonStatusCodes" name="test_push_not_supported_returns_400" time="0.002" /><testcase classname="tests.compatibility.http_json.test_http_status.TestHttpJsonStatusCodes" name="test_version_not_supported_returns_400" time="0.341" /><testcase classname="tests.compatibility.http_json.test_http_status.TestHttpJsonStatusCodes" name="test_success_returns_2xx" time="0.325" /><testcase classname="tests.compatibility.http_json.test_problem_details.TestAIP193ErrorFormat" name="test_error_content_type" time="0.326" /><testcase classname="tests.compatibility.http_json.test_problem_details.TestAIP193ErrorFormat" name="test_error_object_present" time="0.327" /><testcase classname="tests.compatibility.http_json.test_problem_details.TestAIP193ErrorFormat" name="test_code_field_matches_http_status" time="0.314" /><testcase classname="tests.compatibility.http_json.test_problem_details.TestAIP193ErrorFormat" name="test_message_field_is_string" time="0.318" /><testcase classname="tests.compatibility.http_json.test_problem_details.TestAIP193ErrorInfo" name="test_details_contains_error_info" time="0.316" /><testcase classname="tests.compatibility.http_json.test_problem_details.TestAIP193ErrorInfo" name="test_error_info_valid" time="0.340" /><testcase classname="tests.compatibility.http_json.test_problem_details.TestAIP193ErrorInfo" name="test_error_info_reason_matches_condition" time="0.319" /><testcase classname="tests.compatibility.jsonrpc.test_error_codes.TestJsonRpcErrorCodeMappings" name="test_version_not_supported_error" time="0.353" /><testcase classname="tests.compatibility.jsonrpc.test_error_codes.TestJsonRpcErrorCodeRange" name="test_error_code_in_valid_range[SendMessage-bad-version]" time="0.351" /></testsuite></testsuites>